#
# There is insufficient memory for the Java Runtime Environment to continue.
# Native memory allocation (mmap) failed to map 67108864 bytes for G1 virtual space
# Possible reasons:
#   The system is out of physical RAM or swap space
#   The process is running with CompressedOops enabled, and the Java Heap may be blocking the growth of the native heap
# Possible solutions:
#   Reduce memory load on the system
#   Increase physical memory or swap space
#   Check if swap backing store is full
#   Decrease Java heap size (-Xmx/-Xms)
#   Decrease number of Java threads
#   Decrease Java thread stack sizes (-Xss)
#   Set larger code cache with -XX:ReservedCodeCacheSize=
#   JVM is running with Unscaled Compressed Oops mode in which the Java heap is
#     placed in the first 4GB address space. The Java Heap base address is the
#     maximum limit for the native heap growth. Please use -XX:HeapBaseMinAddress
#     to set the Java Heap base and to place the Java Heap above 4GB virtual address.
# This output file may be truncated or incomplete.
#
#  Out of Memory Error (os_windows.cpp:3532), pid=11648, tid=11616
#
# JRE version:  (17.0.2+8) (build )
# Java VM: OpenJDK 64-Bit Server VM (17.0.2+8, mixed mode, sharing, tiered, compressed oops, compressed class ptrs, g1 gc, windows-amd64)
# No core dump will be written. Minidumps are not enabled by default on client versions of Windows
#

---------------  S U M M A R Y ------------

Command Line: -Dfile.encoding=Cp1252 -XX:+ShowCodeDetailsInExceptionMessages tp00montaño

Host: Intel(R) Celeron(R) CPU  N3060  @ 1.60GHz, 2 cores, 3G,  Windows 10 , 64 bit Build 18362 (10.0.18362.1110)
Time: Wed Apr  6 21:09:56 2022 Hora estándar de Argentina elapsed time: 0.109725 seconds (0d 0h 0m 0s)

---------------  T H R E A D  ---------------

Current thread (0x0000024a23e6e080):  JavaThread "Unknown thread" [_thread_in_vm, id=11616, stack(0x0000004b76700000,0x0000004b76800000)]

Stack: [0x0000004b76700000,0x0000004b76800000]
Native frames: (J=compiled Java code, j=interpreted, Vv=VM code, C=native code)
V  [jvm.dll+0x67564a]
V  [jvm.dll+0x82fc04]
V  [jvm.dll+0x8313ae]
V  [jvm.dll+0x831a13]
V  [jvm.dll+0x245235]
V  [jvm.dll+0x672539]
V  [jvm.dll+0x666e82]
V  [jvm.dll+0x30401b]
V  [jvm.dll+0x30b566]
V  [jvm.dll+0x35b1fe]
V  [jvm.dll+0x35b42f]
V  [jvm.dll+0x2daf58]
V  [jvm.dll+0x2dbec4]
V  [jvm.dll+0x801881]
V  [jvm.dll+0x368f81]
V  [jvm.dll+0x7e0cdc]
V  [jvm.dll+0x3eb8bf]
V  [jvm.dll+0x3ed441]
C  [jli.dll+0x5277]
C  [ucrtbase.dll+0x210b2]
C  [KERNEL32.DLL+0x17c24]
C  [ntdll.dll+0x6d4d1]


---------------  P R O C E S S  ---------------

Threads class SMR info:
_java_thread_list=0x00007ffe81385e98, length=0, elements={
}

Java Threads: ( => current thread )

Other Threads:
  0x0000024a25fa5b50 GCTaskThread "GC Thread#0" [stack: 0x0000004b76800000,0x0000004b76900000] [id=10168]
  0x0000024a25fae670 ConcurrentGCThread "G1 Main Marker" [stack: 0x0000004b76900000,0x0000004b76a00000] [id=5904]
  0x0000024a25fb26e0 ConcurrentGCThread "G1 Conc#0" [stack: 0x0000004b76a00000,0x0000004b76b00000] [id=11252]

[error occurred during error reporting (printing all threads), id 0xc0000005, EXCEPTION_ACCESS_VIOLATION (0xc0000005) at pc=0x00007ffe80b5b9d7]

VM state: not at safepoint (not fully initialized)

VM Mutex/Monitor currently owned by a thread:  ([mutex/lock_event])
[0x0000024a25f755c0] Heap_lock - owner thread: 0x0000024a23e6e080

Heap address: 0x00000000c1600000, size: 1002 MB, Compressed Oops mode: 32-bit

CDS archive(s) mapped at: [0x0000000000000000-0x0000000000000000-0x0000000000000000), size 0, SharedBaseAddress: 0x0000000800000000, ArchiveRelocationMode: 0.
Narrow klass base: 0x0000000000000000, Narrow klass shift: 0, Narrow klass range: 0x0

GC Precious Log:
<Empty>

Heap:
 garbage-first heap   total 0K, used 0K [0x00000000c1600000, 0x0000000100000000)
  region size 1024K, 0 young (0K), 0 survivors (0K)

[error occurred during error reporting (printing heap information), id 0xc0000005, EXCEPTION_ACCESS_VIOLATION (0xc0000005) at pc=0x00007ffe80f3e899]

GC Heap History (0 events):
No events

Deoptimization events (0 events):
No events

Classes unloaded (0 events):
No events

Classes redefined (0 events):
No events

Internal exceptions (0 events):
No events

VM Operations (0 events):
No events

Events (1 events):
Event: 0.065 Loaded shared library D:\usuarios\alumno\descargas\sts-4.14.0.RELEASE\plugins\org.eclipse.justj.openjdk.hotspot.jre.full.win32.x86_64_17.0.2.v20220201-1208\jre\bin\java.dll


Dynamic libraries:
0x00007ff72de80000 - 0x00007ff72de8e000 	D:\usuarios\alumno\descargas\sts-4.14.0.RELEASE\plugins\org.eclipse.justj.openjdk.hotspot.jre.full.win32.x86_64_17.0.2.v20220201-1208\jre\bin\javaw.exe
0x00007ffec6620000 - 0x00007ffec6810000 	C:\WINDOWS\SYSTEM32\ntdll.dll
0x00007ffe9aeb0000 - 0x00007ffe9aec6000 	C:\Program Files\AVAST Software\Avast\aswhook.dll
0x00007ffec55f0000 - 0x00007ffec56a2000 	C:\WINDOWS\System32\KERNEL32.DLL
0x00007ffec3720000 - 0x00007ffec39c5000 	C:\WINDOWS\System32\KERNELBASE.dll
0x00007ffec4320000 - 0x00007ffec441a000 	C:\WINDOWS\System32\ucrtbase.dll
0x00007ffea42c0000 - 0x00007ffea42d8000 	D:\usuarios\alumno\descargas\sts-4.14.0.RELEASE\plugins\org.eclipse.justj.openjdk.hotspot.jre.full.win32.x86_64_17.0.2.v20220201-1208\jre\bin\jli.dll
0x00007ffea4990000 - 0x00007ffea49a9000 	D:\usuarios\alumno\descargas\sts-4.14.0.RELEASE\plugins\org.eclipse.justj.openjdk.hotspot.jre.full.win32.x86_64_17.0.2.v20220201-1208\jre\bin\VCRUNTIME140.dll
0x00007ffec4a70000 - 0x00007ffec4c04000 	C:\WINDOWS\System32\USER32.dll
0x00007ffeb4580000 - 0x00007ffeb4804000 	C:\WINDOWS\WinSxS\amd64_microsoft.windows.common-controls_6595b64144ccf1df_6.0.18362.1256_none_9e7e379be45e40e2\COMCTL32.dll
0x00007ffec5330000 - 0x00007ffec53ce000 	C:\WINDOWS\System32\msvcrt.dll
0x00007ffec4420000 - 0x00007ffec4441000 	C:\WINDOWS\System32\win32u.dll
0x00007ffec4730000 - 0x00007ffec4a66000 	C:\WINDOWS\System32\combase.dll
0x00007ffec5300000 - 0x00007ffec5326000 	C:\WINDOWS\System32\GDI32.dll
0x00007ffec56b0000 - 0x00007ffec57d0000 	C:\WINDOWS\System32\RPCRT4.dll
0x00007ffec4480000 - 0x00007ffec4616000 	C:\WINDOWS\System32\gdi32full.dll
0x00007ffec35f0000 - 0x00007ffec3671000 	C:\WINDOWS\System32\bcryptPrimitives.dll
0x00007ffec3680000 - 0x00007ffec371e000 	C:\WINDOWS\System32\msvcp_win.dll
0x00007ffec5540000 - 0x00007ffec556e000 	C:\WINDOWS\System32\IMM32.DLL
0x00007ffebc140000 - 0x00007ffebc14c000 	D:\usuarios\alumno\descargas\sts-4.14.0.RELEASE\plugins\org.eclipse.justj.openjdk.hotspot.jre.full.win32.x86_64_17.0.2.v20220201-1208\jre\bin\vcruntime140_1.dll
0x00007ffe93e60000 - 0x00007ffe93ef1000 	D:\usuarios\alumno\descargas\sts-4.14.0.RELEASE\plugins\org.eclipse.justj.openjdk.hotspot.jre.full.win32.x86_64_17.0.2.v20220201-1208\jre\bin\msvcp140.dll
0x00007ffe80870000 - 0x00007ffe814b7000 	D:\usuarios\alumno\descargas\sts-4.14.0.RELEASE\plugins\org.eclipse.justj.openjdk.hotspot.jre.full.win32.x86_64_17.0.2.v20220201-1208\jre\bin\server\jvm.dll
0x00007ffec6530000 - 0x00007ffec65d3000 	C:\WINDOWS\System32\ADVAPI32.dll
0x00007ffec57d0000 - 0x00007ffec5867000 	C:\WINDOWS\System32\sechost.dll
0x00007ffec5570000 - 0x00007ffec5578000 	C:\WINDOWS\System32\PSAPI.DLL
0x00007ffec1ff0000 - 0x00007ffec1ff9000 	C:\WINDOWS\SYSTEM32\WSOCK32.dll
0x00007ffec5580000 - 0x00007ffec55ef000 	C:\WINDOWS\System32\WS2_32.dll
0x00007ffec0a00000 - 0x00007ffec0a24000 	C:\WINDOWS\SYSTEM32\WINMM.dll
0x00007ffebaa00000 - 0x00007ffebaa0a000 	C:\WINDOWS\SYSTEM32\VERSION.dll
0x00007ffebfd10000 - 0x00007ffebfd3d000 	C:\WINDOWS\SYSTEM32\WINMMBASE.dll
0x00007ffec39d0000 - 0x00007ffec3a1a000 	C:\WINDOWS\System32\cfgmgr32.dll
0x00007ffec3570000 - 0x00007ffec3581000 	C:\WINDOWS\System32\kernel.appcore.dll
0x00007ffeb39e0000 - 0x00007ffeb39ea000 	D:\usuarios\alumno\descargas\sts-4.14.0.RELEASE\plugins\org.eclipse.justj.openjdk.hotspot.jre.full.win32.x86_64_17.0.2.v20220201-1208\jre\bin\jimage.dll
0x00007ffec1d80000 - 0x00007ffec1f74000 	C:\WINDOWS\SYSTEM32\DBGHELP.DLL
0x00007ffeb79a0000 - 0x00007ffeb79ca000 	C:\WINDOWS\SYSTEM32\dbgcore.DLL
0x00007ffe9cf60000 - 0x00007ffe9cf85000 	D:\usuarios\alumno\descargas\sts-4.14.0.RELEASE\plugins\org.eclipse.justj.openjdk.hotspot.jre.full.win32.x86_64_17.0.2.v20220201-1208\jre\bin\java.dll

dbghelp: loaded successfully - version: 4.0.5 - missing functions: none
symbol engine: initialized successfully - sym options: 0x614 - pdb path: .;D:\usuarios\alumno\descargas\sts-4.14.0.RELEASE\plugins\org.eclipse.justj.openjdk.hotspot.jre.full.win32.x86_64_17.0.2.v20220201-1208\jre\bin;C:\WINDOWS\SYSTEM32;C:\Program Files\AVAST Software\Avast;C:\WINDOWS\WinSxS\amd64_microsoft.windows.common-controls_6595b64144ccf1df_6.0.18362.1256_none_9e7e379be45e40e2;D:\usuarios\alumno\descargas\sts-4.14.0.RELEASE\plugins\org.eclipse.justj.openjdk.hotspot.jre.full.win32.x86_64_17.0.2.v20220201-1208\jre\bin\server

VM Arguments:
jvm_args: -Dfile.encoding=Cp1252 -XX:+ShowCodeDetailsInExceptionMessages 
java_command: tp00montaño
java_class_path (initial): C:\Users\Alumno\eclipse-workspace\TP00MontañoCecilia\bin
Launcher Type: SUN_STANDARD

[Global flags]
     intx CICompilerCount                          = 2                                         {product} {ergonomic}
     uint ConcGCThreads                            = 1                                         {product} {ergonomic}
     uint G1ConcRefinementThreads                  = 2                                         {product} {ergonomic}
   size_t G1HeapRegionSize                         = 1048576                                   {product} {ergonomic}
    uintx GCDrainStackTargetSize                   = 64                                        {product} {ergonomic}
   size_t InitialHeapSize                          = 67108864                                  {product} {ergonomic}
   size_t MarkStackSize                            = 4194304                                   {product} {ergonomic}
   size_t MaxHeapSize                              = 1050673152                                {product} {ergonomic}
   size_t MinHeapDeltaBytes                        = 1048576                                   {product} {ergonomic}
   size_t MinHeapSize                              = 8388608                                   {product} {ergonomic}
    uintx NonNMethodCodeHeapSize                   = 5826188                                {pd product} {ergonomic}
    uintx NonProfiledCodeHeapSize                  = 122916026                              {pd product} {ergonomic}
    uintx ProfiledCodeHeapSize                     = 122916026                              {pd product} {ergonomic}
    uintx ReservedCodeCacheSize                    = 251658240                              {pd product} {ergonomic}
     bool SegmentedCodeCache                       = true                                      {product} {ergonomic}
     bool ShowCodeDetailsInExceptionMessages       = true                                   {manageable} {command line}
   size_t SoftMaxHeapSize                          = 1050673152                             {manageable} {ergonomic}
     bool UseCompressedClassPointers               = true                           {product lp64_product} {ergonomic}
     bool UseCompressedOops                        = true                           {product lp64_product} {ergonomic}
     bool UseG1GC                                  = true                                      {product} {ergonomic}
     bool UseLargePagesIndividualAllocation        = false                                  {pd product} {ergonomic}

Logging:
Log output configuration:
 #0: stdout all=warning uptime,level,tags
 #1: stderr all=off uptime,level,tags

Environment Variables:
PATH=D:/usuarios/alumno/descargas/sts-4.14.0.RELEASE//plugins/org.eclipse.justj.openjdk.hotspot.jre.full.win32.x86_64_17.0.2.v20220201-1208/jre/bin/server;D:/usuarios/alumno/descargas/sts-4.14.0.RELEASE//plugins/org.eclipse.justj.openjdk.hotspot.jre.full.win32.x86_64_17.0.2.v20220201-1208/jre/bin;C:\Program Files (x86)\Common Files\Oracle\Java\javapath;C:\ProgramData\Oracle\Java\javapath;C:\Program Files (x86)\Intel\TXE Components\TCS\;C:\Program Files\Intel\TXE Components\TCS\;C:\WINDOWS\system32;C:\WINDOWS;C:\WINDOWS\System32\Wbem;C:\WINDOWS\System32\WindowsPowerShell\v1.0\;C:\Program Files\Intel\TXE Components\DAL\;C:\Program Files (x86)\Intel\TXE Components\DAL\;C:\Program Files\Intel\TXE Components\IPT\;C:\Program Files (x86)\Intel\TXE Components\IPT\;C:\Program Files\Intel\WiFi\bin\;C:\Program Files\Common Files\Intel\WirelessCommon\;C:\Program Files (x86)\Common Files\Intel Education\Application Support;C:\Program Files\Common Files\Intel Education\Application Support;C:\Program Files (x86)\Avogadro\bin;C:\Program Files\Calibre2\;C:\WINDOWS\System32\OpenSSH\;C:\Program Files\TortoiseSVN\bin;C:\Program Files (x86)\dotnet\;C:\Users\Alumno\AppData\Local\Programs\Python\Python36\Scripts\;C:\Users\Alumno\AppData\Local\Programs\Python\Python36\;C:\Users\Alumno\AppData\Local\Microsoft\WindowsApps;;C:\Users\Alumno\AppData\Local\Programs\Microsoft VS Code\bin;D:\usuarios\alumno\descargas\sts-4.14.0.RELEASE;
USERNAME=Alumno
OS=Windows_NT
PROCESSOR_IDENTIFIER=Intel64 Family 6 Model 76 Stepping 4, GenuineIntel



---------------  S Y S T E M  ---------------

OS:
 Windows 10 , 64 bit Build 18362 (10.0.18362.1110)
OS uptime: 0 days 11:21 hours

CPU: total 2 (initial active 2) (2 cores per cpu, 1 threads per core) family 6 model 76 stepping 4 microcode 0x411, cx8, cmov, fxsr, mmx, 3dnowpref, sse, sse2, sse3, ssse3, sse4.1, sse4.2, popcnt, tsc, tscinvbit, aes, erms, clmul, clflush

Memory: 4k page, system-wide physical 4000M (391M free)
TotalPageFile size 5253M (AvailPageFile size 56M)
current process WorkingSet (physical memory assigned to process): 10M, peak: 10M
current process commit charge ("private bytes"): 47M, peak: 111M

vm_info: OpenJDK 64-Bit Server VM (17.0.2+8) for windows-amd64 JRE (17.0.2+8), built on Jan 20 2022 04:52:34 by "" with MS VC++ 16.7 (VS2019)

END.
